Namespace(exp_name='GDANet', batch_size=16, test_batch_size=8, epochs=42, use_sgd=False, scheduler='step', step=40, lr=0.003, momentum=0.9, no_cuda=False, manual_seed=1, eval=False, num_points=2880, resume=False, model_type='insiou')
Using GPU
GDANet(
  (bn1): BatchNorm2d(64, eps=1e-05, momentum=0.1, affine=True, track_running_stats=True)
  (bn11): BatchNorm2d(64, eps=1e-05, momentum=0.1, affine=True, track_running_stats=True)
  (bn12): BatchNorm1d(64, eps=1e-05, momentum=0.1, affine=True, track_running_stats=True)
  (bn2): BatchNorm2d(64, eps=1e-05, momentum=0.1, affine=True, track_running_stats=True)
  (bn21): BatchNorm2d(64, eps=1e-05, momentum=0.1, affine=True, track_running_stats=True)
  (bn22): BatchNorm1d(64, eps=1e-05, momentum=0.1, affine=True, track_running_stats=True)
  (bn3): BatchNorm2d(128, eps=1e-05, momentum=0.1, affine=True, track_running_stats=True)
  (bn31): BatchNorm2d(128, eps=1e-05, momentum=0.1, affine=True, track_running_stats=True)
  (bn32): BatchNorm1d(128, eps=1e-05, momentum=0.1, affine=True, track_running_stats=True)
  (bn4): BatchNorm1d(512, eps=1e-05, momentum=0.1, affine=True, track_running_stats=True)
  (bnc): BatchNorm1d(64, eps=1e-05, momentum=0.1, affine=True, track_running_stats=True)
  (bn5): BatchNorm1d(256, eps=1e-05, momentum=0.1, affine=True, track_running_stats=True)
  (bn6): BatchNorm1d(256, eps=1e-05, momentum=0.1, affine=True, track_running_stats=True)
  (bn7): BatchNorm1d(128, eps=1e-05, momentum=0.1, affine=True, track_running_stats=True)
  (conv1): Sequential(
    (0): Conv2d(9, 64, kernel_size=(1, 1), stride=(1, 1))
    (1): BatchNorm2d(64, eps=1e-05, momentum=0.1, affine=True, track_running_stats=True)
  )
  (conv11): Sequential(
    (0): Conv2d(64, 64, kernel_size=(1, 1), stride=(1, 1))
    (1): BatchNorm2d(64, eps=1e-05, momentum=0.1, affine=True, track_running_stats=True)
  )
  (conv12): Sequential(
    (0): Conv1d(128, 64, kernel_size=(1,), stride=(1,))
    (1): BatchNorm1d(64, eps=1e-05, momentum=0.1, affine=True, track_running_stats=True)
  )
  (conv2): Sequential(
    (0): Conv2d(134, 64, kernel_size=(1, 1), stride=(1, 1))
    (1): BatchNorm2d(64, eps=1e-05, momentum=0.1, affine=True, track_running_stats=True)
  )
  (conv21): Sequential(
    (0): Conv2d(64, 64, kernel_size=(1, 1), stride=(1, 1))
    (1): BatchNorm2d(64, eps=1e-05, momentum=0.1, affine=True, track_running_stats=True)
  )
  (conv22): Sequential(
    (0): Conv1d(128, 64, kernel_size=(1,), stride=(1,))
    (1): BatchNorm1d(64, eps=1e-05, momentum=0.1, affine=True, track_running_stats=True)
  )
  (conv3): Sequential(
    (0): Conv2d(262, 128, kernel_size=(1, 1), stride=(1, 1))
    (1): BatchNorm2d(128, eps=1e-05, momentum=0.1, affine=True, track_running_stats=True)
  )
  (conv31): Sequential(
    (0): Conv2d(128, 128, kernel_size=(1, 1), stride=(1, 1))
    (1): BatchNorm2d(128, eps=1e-05, momentum=0.1, affine=True, track_running_stats=True)
  )
  (conv32): Sequential(
    (0): Conv1d(128, 128, kernel_size=(1,), stride=(1,))
    (1): BatchNorm1d(128, eps=1e-05, momentum=0.1, affine=True, track_running_stats=True)
  )
  (conv4): Sequential(
    (0): Conv1d(256, 512, kernel_size=(1,), stride=(1,))
    (1): BatchNorm1d(512, eps=1e-05, momentum=0.1, affine=True, track_running_stats=True)
  )
  (convc): Sequential(
    (0): Conv1d(16, 64, kernel_size=(1,), stride=(1,))
    (1): BatchNorm1d(64, eps=1e-05, momentum=0.1, affine=True, track_running_stats=True)
  )
  (conv5): Sequential(
    (0): Conv1d(832, 256, kernel_size=(1,), stride=(1,))
    (1): BatchNorm1d(256, eps=1e-05, momentum=0.1, affine=True, track_running_stats=True)
  )
  (dp1): Dropout(p=0.4, inplace=False)
  (conv6): Sequential(
    (0): Conv1d(256, 256, kernel_size=(1,), stride=(1,))
    (1): BatchNorm1d(256, eps=1e-05, momentum=0.1, affine=True, track_running_stats=True)
  )
  (dp2): Dropout(p=0.4, inplace=False)
  (conv7): Sequential(
    (0): Conv1d(256, 128, kernel_size=(1,), stride=(1,))
    (1): BatchNorm1d(128, eps=1e-05, momentum=0.1, affine=True, track_running_stats=True)
  )
  (conv8): Conv1d(128, 6, kernel_size=(1,), stride=(1,))
  (SGCAM_1s): SGCAM(
    (g): Conv1d(64, 32, kernel_size=(1,), stride=(1,))
    (W): Sequential(
      (0): Conv1d(32, 64, kernel_size=(1,), stride=(1,))
      (1): BatchNorm1d(64, eps=1e-05, momentum=0.1, affine=True, track_running_stats=True)
    )
    (theta): Conv1d(64, 32, kernel_size=(1,), stride=(1,))
    (phi): Conv1d(64, 32, kernel_size=(1,), stride=(1,))
  )
  (SGCAM_1g): SGCAM(
    (g): Conv1d(64, 32, kernel_size=(1,), stride=(1,))
    (W): Sequential(
      (0): Conv1d(32, 64, kernel_size=(1,), stride=(1,))
      (1): BatchNorm1d(64, eps=1e-05, momentum=0.1, affine=True, track_running_stats=True)
    )
    (theta): Conv1d(64, 32, kernel_size=(1,), stride=(1,))
    (phi): Conv1d(64, 32, kernel_size=(1,), stride=(1,))
  )
  (SGCAM_2s): SGCAM(
    (g): Conv1d(64, 32, kernel_size=(1,), stride=(1,))
    (W): Sequential(
      (0): Conv1d(32, 64, kernel_size=(1,), stride=(1,))
      (1): BatchNorm1d(64, eps=1e-05, momentum=0.1, affine=True, track_running_stats=True)
    )
    (theta): Conv1d(64, 32, kernel_size=(1,), stride=(1,))
    (phi): Conv1d(64, 32, kernel_size=(1,), stride=(1,))
  )
  (SGCAM_2g): SGCAM(
    (g): Conv1d(64, 32, kernel_size=(1,), stride=(1,))
    (W): Sequential(
      (0): Conv1d(32, 64, kernel_size=(1,), stride=(1,))
      (1): BatchNorm1d(64, eps=1e-05, momentum=0.1, affine=True, track_running_stats=True)
    )
    (theta): Conv1d(64, 32, kernel_size=(1,), stride=(1,))
    (phi): Conv1d(64, 32, kernel_size=(1,), stride=(1,))
  )
)
Namespace(exp_name='GDANet', batch_size=16, test_batch_size=8, epochs=42, use_sgd=False, scheduler='step', step=40, lr=0.003, momentum=0.9, no_cuda=False, manual_seed=1, eval=False, num_points=2880, resume=False, model_type='insiou')
Using GPU
GDANet(
  (bn1): BatchNorm2d(64, eps=1e-05, momentum=0.1, affine=True, track_running_stats=True)
  (bn11): BatchNorm2d(64, eps=1e-05, momentum=0.1, affine=True, track_running_stats=True)
  (bn12): BatchNorm1d(64, eps=1e-05, momentum=0.1, affine=True, track_running_stats=True)
  (bn2): BatchNorm2d(64, eps=1e-05, momentum=0.1, affine=True, track_running_stats=True)
  (bn21): BatchNorm2d(64, eps=1e-05, momentum=0.1, affine=True, track_running_stats=True)
  (bn22): BatchNorm1d(64, eps=1e-05, momentum=0.1, affine=True, track_running_stats=True)
  (bn3): BatchNorm2d(128, eps=1e-05, momentum=0.1, affine=True, track_running_stats=True)
  (bn31): BatchNorm2d(128, eps=1e-05, momentum=0.1, affine=True, track_running_stats=True)
  (bn32): BatchNorm1d(128, eps=1e-05, momentum=0.1, affine=True, track_running_stats=True)
  (bn4): BatchNorm1d(512, eps=1e-05, momentum=0.1, affine=True, track_running_stats=True)
  (bnc): BatchNorm1d(64, eps=1e-05, momentum=0.1, affine=True, track_running_stats=True)
  (bn5): BatchNorm1d(256, eps=1e-05, momentum=0.1, affine=True, track_running_stats=True)
  (bn6): BatchNorm1d(256, eps=1e-05, momentum=0.1, affine=True, track_running_stats=True)
  (bn7): BatchNorm1d(128, eps=1e-05, momentum=0.1, affine=True, track_running_stats=True)
  (conv1): Sequential(
    (0): Conv2d(9, 64, kernel_size=(1, 1), stride=(1, 1))
    (1): BatchNorm2d(64, eps=1e-05, momentum=0.1, affine=True, track_running_stats=True)
  )
  (conv11): Sequential(
    (0): Conv2d(64, 64, kernel_size=(1, 1), stride=(1, 1))
    (1): BatchNorm2d(64, eps=1e-05, momentum=0.1, affine=True, track_running_stats=True)
  )
  (conv12): Sequential(
    (0): Conv1d(128, 64, kernel_size=(1,), stride=(1,))
    (1): BatchNorm1d(64, eps=1e-05, momentum=0.1, affine=True, track_running_stats=True)
  )
  (conv2): Sequential(
    (0): Conv2d(134, 64, kernel_size=(1, 1), stride=(1, 1))
    (1): BatchNorm2d(64, eps=1e-05, momentum=0.1, affine=True, track_running_stats=True)
  )
  (conv21): Sequential(
    (0): Conv2d(64, 64, kernel_size=(1, 1), stride=(1, 1))
    (1): BatchNorm2d(64, eps=1e-05, momentum=0.1, affine=True, track_running_stats=True)
  )
  (conv22): Sequential(
    (0): Conv1d(128, 64, kernel_size=(1,), stride=(1,))
    (1): BatchNorm1d(64, eps=1e-05, momentum=0.1, affine=True, track_running_stats=True)
  )
  (conv3): Sequential(
    (0): Conv2d(262, 128, kernel_size=(1, 1), stride=(1, 1))
    (1): BatchNorm2d(128, eps=1e-05, momentum=0.1, affine=True, track_running_stats=True)
  )
  (conv31): Sequential(
    (0): Conv2d(128, 128, kernel_size=(1, 1), stride=(1, 1))
    (1): BatchNorm2d(128, eps=1e-05, momentum=0.1, affine=True, track_running_stats=True)
  )
  (conv32): Sequential(
    (0): Conv1d(128, 128, kernel_size=(1,), stride=(1,))
    (1): BatchNorm1d(128, eps=1e-05, momentum=0.1, affine=True, track_running_stats=True)
  )
  (conv4): Sequential(
    (0): Conv1d(256, 512, kernel_size=(1,), stride=(1,))
    (1): BatchNorm1d(512, eps=1e-05, momentum=0.1, affine=True, track_running_stats=True)
  )
  (convc): Sequential(
    (0): Conv1d(16, 64, kernel_size=(1,), stride=(1,))
    (1): BatchNorm1d(64, eps=1e-05, momentum=0.1, affine=True, track_running_stats=True)
  )
  (conv5): Sequential(
    (0): Conv1d(832, 256, kernel_size=(1,), stride=(1,))
    (1): BatchNorm1d(256, eps=1e-05, momentum=0.1, affine=True, track_running_stats=True)
  )
  (dp1): Dropout(p=0.4, inplace=False)
  (conv6): Sequential(
    (0): Conv1d(256, 256, kernel_size=(1,), stride=(1,))
    (1): BatchNorm1d(256, eps=1e-05, momentum=0.1, affine=True, track_running_stats=True)
  )
  (dp2): Dropout(p=0.4, inplace=False)
  (conv7): Sequential(
    (0): Conv1d(256, 128, kernel_size=(1,), stride=(1,))
    (1): BatchNorm1d(128, eps=1e-05, momentum=0.1, affine=True, track_running_stats=True)
  )
  (conv8): Conv1d(128, 6, kernel_size=(1,), stride=(1,))
  (SGCAM_1s): SGCAM(
    (g): Conv1d(64, 32, kernel_size=(1,), stride=(1,))
    (W): Sequential(
      (0): Conv1d(32, 64, kernel_size=(1,), stride=(1,))
      (1): BatchNorm1d(64, eps=1e-05, momentum=0.1, affine=True, track_running_stats=True)
    )
    (theta): Conv1d(64, 32, kernel_size=(1,), stride=(1,))
    (phi): Conv1d(64, 32, kernel_size=(1,), stride=(1,))
  )
  (SGCAM_1g): SGCAM(
    (g): Conv1d(64, 32, kernel_size=(1,), stride=(1,))
    (W): Sequential(
      (0): Conv1d(32, 64, kernel_size=(1,), stride=(1,))
      (1): BatchNorm1d(64, eps=1e-05, momentum=0.1, affine=True, track_running_stats=True)
    )
    (theta): Conv1d(64, 32, kernel_size=(1,), stride=(1,))
    (phi): Conv1d(64, 32, kernel_size=(1,), stride=(1,))
  )
  (SGCAM_2s): SGCAM(
    (g): Conv1d(64, 32, kernel_size=(1,), stride=(1,))
    (W): Sequential(
      (0): Conv1d(32, 64, kernel_size=(1,), stride=(1,))
      (1): BatchNorm1d(64, eps=1e-05, momentum=0.1, affine=True, track_running_stats=True)
    )
    (theta): Conv1d(64, 32, kernel_size=(1,), stride=(1,))
    (phi): Conv1d(64, 32, kernel_size=(1,), stride=(1,))
  )
  (SGCAM_2g): SGCAM(
    (g): Conv1d(64, 32, kernel_size=(1,), stride=(1,))
    (W): Sequential(
      (0): Conv1d(32, 64, kernel_size=(1,), stride=(1,))
      (1): BatchNorm1d(64, eps=1e-05, momentum=0.1, affine=True, track_running_stats=True)
    )
    (theta): Conv1d(64, 32, kernel_size=(1,), stride=(1,))
    (phi): Conv1d(64, 32, kernel_size=(1,), stride=(1,))
  )
)
former1 iou: 0.5379552
former2 iou: 0.41791484
former3 iou: 0.45367575
former4 iou: 0.5939793
former5 iou: 0.40661648
former6 iou: 0.42735013
former7 iou: 0.49780512
former8 iou: 0.4578282
former9 iou: 0.4544817
former10 iou: 0.43844104
former11 iou: 0.370141
former12 iou: 0.48277462
former13 iou: 0.39011586
former14 iou: 0.4516994
former15 iou: 0.43948707
former16 iou: 0.4290972
Max class iou:0.45309
former1 iou: 0.6992729
former2 iou: 0.75761753
former3 iou: 0.6309785
former4 iou: 0.7294139
former5 iou: 0.64263767
former6 iou: 0.8337982
former7 iou: 0.67195845
former8 iou: 0.61341554
former9 iou: 0.7003441
former10 iou: 0.67976654
former11 iou: 0.6800595
former12 iou: 0.732326
former13 iou: 0.623921
former14 iou: 0.6479062
former15 iou: 0.64406705
former16 iou: 0.65797704
Max class iou:0.68409
former1 iou: 0.7509488
former2 iou: 0.7223622
former3 iou: 0.7139295
former4 iou: 0.7732368
former5 iou: 0.67347264
former6 iou: 0.812318
former7 iou: 0.7220219
former8 iou: 0.68595195
former9 iou: 0.6644581
former10 iou: 0.71201926
former11 iou: 0.7117023
former12 iou: 0.6889022
former13 iou: 0.65826577
former14 iou: 0.62683535
former15 iou: 0.6592277
former16 iou: 0.7654303
Max class iou:0.70882
former1 iou: 0.7548999
former2 iou: 0.7317837
former3 iou: 0.757741
former4 iou: 0.8439643
former5 iou: 0.69541675
former6 iou: 0.8059444
former7 iou: 0.7728468
former8 iou: 0.753955
former9 iou: 0.7457574
former10 iou: 0.8559362
former11 iou: 0.7486764
former12 iou: 0.7676657
former13 iou: 0.68224865
former14 iou: 0.7023505
former15 iou: 0.76369214
former16 iou: 0.71251607
Max class iou:0.75596
former1 iou: 0.7401173
former2 iou: 0.791327
former3 iou: 0.7588259
former4 iou: 0.8801766
former5 iou: 0.69955355
former6 iou: 0.79825765
former7 iou: 0.7953623
former8 iou: 0.7310356
former9 iou: 0.7432942
former10 iou: 0.8595165
former11 iou: 0.7882929
former12 iou: 0.7932082
former13 iou: 0.68926066
former14 iou: 0.8341798
former15 iou: 0.7553265
former16 iou: 0.7600108
Max class iou:0.77611
former1 iou: 0.7735979
former2 iou: 0.82790047
former3 iou: 0.7860502
former4 iou: 0.90851957
former5 iou: 0.7156289
former6 iou: 0.86067873
former7 iou: 0.79648894
former8 iou: 0.7748166
former9 iou: 0.7738295
former10 iou: 0.811489
former11 iou: 0.7885761
former12 iou: 0.8147746
former13 iou: 0.7228515
former14 iou: 0.76882005
former15 iou: 0.7828082
former16 iou: 0.85897225
Max class iou:0.79786
former1 iou: 0.74171233
former2 iou: 0.80075854
former3 iou: 0.8141025
former4 iou: 0.89381504
former5 iou: 0.7386532
former6 iou: 0.8660341
former7 iou: 0.8058701
former8 iou: 0.78340137
former9 iou: 0.83620334
former10 iou: 0.83813494
former11 iou: 0.79887843
former12 iou: 0.835949
former13 iou: 0.81392235
former14 iou: 0.8181978
former15 iou: 0.83709013
former16 iou: 0.915011
Max class iou:0.82111
former1 iou: 0.80914485
former2 iou: 0.8638039
former3 iou: 0.83617365
former4 iou: 0.91869575
former5 iou: 0.81361425
former6 iou: 0.8453683
former7 iou: 0.8908367
former8 iou: 0.90223587
former9 iou: 0.87879753
former10 iou: 0.9478966
former11 iou: 0.896344
former12 iou: 0.94993114
former13 iou: 0.83282816
former14 iou: 0.8608478
former15 iou: 0.91235
former16 iou: 0.8041995
Max class iou:0.87269
former1 iou: 0.91643894
former2 iou: 0.8805457
former3 iou: 0.9387512
former4 iou: 0.9146074
former5 iou: 0.81904435
former6 iou: 0.84501874
former7 iou: 0.90236455
former8 iou: 0.88558847
former9 iou: 0.91018575
former10 iou: 0.9472085
former11 iou: 0.8918361
former12 iou: 0.84873086
former13 iou: 0.88337237
former14 iou: 0.93325627
former15 iou: 0.9717418
former16 iou: 0.9189637
Max class iou:0.90048
former1 iou: 0.82156575
former2 iou: 0.8508749
former3 iou: 0.94706804
former4 iou: 0.9560486
former5 iou: 0.8852842
former6 iou: 0.88030523
former7 iou: 0.92508626
former8 iou: 0.84448385
former9 iou: 0.9557937
former10 iou: 0.898843
former11 iou: 0.93896455
former12 iou: 0.89639723
former13 iou: 0.8714939
former14 iou: 0.9250181
former15 iou: 0.9661312
former16 iou: 0.9350249
Max class iou:0.90615
former1 iou: 0.97777027
former2 iou: 0.92259884
former3 iou: 0.9114106
former4 iou: 0.95251244
former5 iou: 0.9319172
former6 iou: 0.9489949
former7 iou: 0.93402094
former8 iou: 0.84996235
former9 iou: 0.9607752
former10 iou: 0.970626
former11 iou: 0.8955537
former12 iou: 0.9244507
former13 iou: 0.9407945
former14 iou: 0.92299205
former15 iou: 0.94045174
former16 iou: 0.936714
Max class iou:0.93260
former1 iou: 0.9674119
former2 iou: 0.91228753
former3 iou: 0.9851104
former4 iou: 0.94848925
former5 iou: 0.8921518
former6 iou: 0.9213716
former7 iou: 0.9351763
former8 iou: 0.9285306
former9 iou: 0.9485298
former10 iou: 0.9640726
former11 iou: 0.99432063
former12 iou: 0.85935044
former13 iou: 0.9324131
former14 iou: 0.91276336
former15 iou: 0.99603677
former16 iou: 0.97935796
Max class iou:0.94234
former1 iou: 0.9630172
former2 iou: 0.8587063
former3 iou: 0.90118647
former4 iou: 0.9812347
former5 iou: 0.8922256
former6 iou: 0.9805878
former7 iou: 0.947817
former8 iou: 0.8914226
former9 iou: 0.9869674
former10 iou: 0.99444187
former11 iou: 0.99003625
former12 iou: 0.93541723
former13 iou: 0.9313156
former14 iou: 0.9369967
former15 iou: 0.92660034
former16 iou: 0.9666653
Max class iou:0.94279
former1 iou: 0.96715355
former2 iou: 0.8866787
former3 iou: 0.985658
former4 iou: 0.9501771
former5 iou: 0.88222766
former6 iou: 0.92178047
former7 iou: 0.932497
former8 iou: 0.87947637
former9 iou: 0.9741958
former10 iou: 0.9723028
former11 iou: 0.95977813
former12 iou: 0.91676974
former13 iou: 0.9540432
former14 iou: 0.9414609
former15 iou: 0.9879563
former16 iou: 0.98541766
Max class iou:0.94360
former1 iou: 0.9029343
former2 iou: 0.92844534
former3 iou: 0.9834385
former4 iou: 0.96762943
former5 iou: 0.93948823
former6 iou: 0.97064465
former7 iou: 0.970149
former8 iou: 0.90826213
former9 iou: 0.9502036
former10 iou: 0.99604386
former11 iou: 0.97899145
former12 iou: 0.8828142
former13 iou: 0.9514629
former14 iou: 0.9009229
former15 iou: 0.9249967
former16 iou: 0.9589176
Max class iou:0.94471
former1 iou: 0.9570319
former2 iou: 0.891113
former3 iou: 0.97327405
former4 iou: 0.97689867
former5 iou: 0.96027285
former6 iou: 0.91821784
former7 iou: 0.9628895
former8 iou: 0.9054655
former9 iou: 0.9284335
former10 iou: 0.99843246
former11 iou: 0.9815383
former12 iou: 0.8988327
former13 iou: 0.94309616
former14 iou: 0.9108377
former15 iou: 0.9864179
former16 iou: 0.9614751
Max class iou:0.94714
former1 iou: 0.9708801
former2 iou: 0.9746627
former3 iou: 0.9920928
former4 iou: 0.96513575
former5 iou: 0.95477635
former6 iou: 0.9179103
former7 iou: 0.9702308
former8 iou: 0.9611351
former9 iou: 0.9925099
former10 iou: 0.9988864
former11 iou: 0.99515885
former12 iou: 0.9433132
former13 iou: 0.90130687
former14 iou: 0.91626155
former15 iou: 0.99812865
former16 iou: 0.95088387
Max class iou:0.96270
former1 iou: 0.9654086
former2 iou: 0.9078364
former3 iou: 0.9896224
former4 iou: 0.9892329
former5 iou: 0.96046907
former6 iou: 0.98906726
former7 iou: 0.9654302
former8 iou: 0.9566032
former9 iou: 0.94133496
former10 iou: 0.9985263
former11 iou: 0.979653
former12 iou: 0.92706007
former13 iou: 0.9480629
former14 iou: 0.96301144
former15 iou: 0.99728584
former16 iou: 0.96189046
Max class iou:0.96503
Final Max Acc:0.97994
Final Max instance iou:0.96592
Final Max class iou:0.96503
Namespace(exp_name='GDANet', batch_size=16, test_batch_size=8, epochs=42, use_sgd=False, scheduler='step', step=40, lr=0.003, momentum=0.9, no_cuda=False, manual_seed=1, eval=False, num_points=2880, resume=True, model_type='insiou')
Using GPU
GDANet(
  (bn1): BatchNorm2d(64, eps=1e-05, momentum=0.1, affine=True, track_running_stats=True)
  (bn11): BatchNorm2d(64, eps=1e-05, momentum=0.1, affine=True, track_running_stats=True)
  (bn12): BatchNorm1d(64, eps=1e-05, momentum=0.1, affine=True, track_running_stats=True)
  (bn2): BatchNorm2d(64, eps=1e-05, momentum=0.1, affine=True, track_running_stats=True)
  (bn21): BatchNorm2d(64, eps=1e-05, momentum=0.1, affine=True, track_running_stats=True)
  (bn22): BatchNorm1d(64, eps=1e-05, momentum=0.1, affine=True, track_running_stats=True)
  (bn3): BatchNorm2d(128, eps=1e-05, momentum=0.1, affine=True, track_running_stats=True)
  (bn31): BatchNorm2d(128, eps=1e-05, momentum=0.1, affine=True, track_running_stats=True)
  (bn32): BatchNorm1d(128, eps=1e-05, momentum=0.1, affine=True, track_running_stats=True)
  (bn4): BatchNorm1d(512, eps=1e-05, momentum=0.1, affine=True, track_running_stats=True)
  (bnc): BatchNorm1d(64, eps=1e-05, momentum=0.1, affine=True, track_running_stats=True)
  (bn5): BatchNorm1d(256, eps=1e-05, momentum=0.1, affine=True, track_running_stats=True)
  (bn6): BatchNorm1d(256, eps=1e-05, momentum=0.1, affine=True, track_running_stats=True)
  (bn7): BatchNorm1d(128, eps=1e-05, momentum=0.1, affine=True, track_running_stats=True)
  (conv1): Sequential(
    (0): Conv2d(9, 64, kernel_size=(1, 1), stride=(1, 1))
    (1): BatchNorm2d(64, eps=1e-05, momentum=0.1, affine=True, track_running_stats=True)
  )
  (conv11): Sequential(
    (0): Conv2d(64, 64, kernel_size=(1, 1), stride=(1, 1))
    (1): BatchNorm2d(64, eps=1e-05, momentum=0.1, affine=True, track_running_stats=True)
  )
  (conv12): Sequential(
    (0): Conv1d(128, 64, kernel_size=(1,), stride=(1,))
    (1): BatchNorm1d(64, eps=1e-05, momentum=0.1, affine=True, track_running_stats=True)
  )
  (conv2): Sequential(
    (0): Conv2d(134, 64, kernel_size=(1, 1), stride=(1, 1))
    (1): BatchNorm2d(64, eps=1e-05, momentum=0.1, affine=True, track_running_stats=True)
  )
  (conv21): Sequential(
    (0): Conv2d(64, 64, kernel_size=(1, 1), stride=(1, 1))
    (1): BatchNorm2d(64, eps=1e-05, momentum=0.1, affine=True, track_running_stats=True)
  )
  (conv22): Sequential(
    (0): Conv1d(128, 64, kernel_size=(1,), stride=(1,))
    (1): BatchNorm1d(64, eps=1e-05, momentum=0.1, affine=True, track_running_stats=True)
  )
  (conv3): Sequential(
    (0): Conv2d(262, 128, kernel_size=(1, 1), stride=(1, 1))
    (1): BatchNorm2d(128, eps=1e-05, momentum=0.1, affine=True, track_running_stats=True)
  )
  (conv31): Sequential(
    (0): Conv2d(128, 128, kernel_size=(1, 1), stride=(1, 1))
    (1): BatchNorm2d(128, eps=1e-05, momentum=0.1, affine=True, track_running_stats=True)
  )
  (conv32): Sequential(
    (0): Conv1d(128, 128, kernel_size=(1,), stride=(1,))
    (1): BatchNorm1d(128, eps=1e-05, momentum=0.1, affine=True, track_running_stats=True)
  )
  (conv4): Sequential(
    (0): Conv1d(256, 512, kernel_size=(1,), stride=(1,))
    (1): BatchNorm1d(512, eps=1e-05, momentum=0.1, affine=True, track_running_stats=True)
  )
  (convc): Sequential(
    (0): Conv1d(16, 64, kernel_size=(1,), stride=(1,))
    (1): BatchNorm1d(64, eps=1e-05, momentum=0.1, affine=True, track_running_stats=True)
  )
  (conv5): Sequential(
    (0): Conv1d(832, 256, kernel_size=(1,), stride=(1,))
    (1): BatchNorm1d(256, eps=1e-05, momentum=0.1, affine=True, track_running_stats=True)
  )
  (dp1): Dropout(p=0.4, inplace=False)
  (conv6): Sequential(
    (0): Conv1d(256, 256, kernel_size=(1,), stride=(1,))
    (1): BatchNorm1d(256, eps=1e-05, momentum=0.1, affine=True, track_running_stats=True)
  )
  (dp2): Dropout(p=0.4, inplace=False)
  (conv7): Sequential(
    (0): Conv1d(256, 128, kernel_size=(1,), stride=(1,))
    (1): BatchNorm1d(128, eps=1e-05, momentum=0.1, affine=True, track_running_stats=True)
  )
  (conv8): Conv1d(128, 6, kernel_size=(1,), stride=(1,))
  (SGCAM_1s): SGCAM(
    (g): Conv1d(64, 32, kernel_size=(1,), stride=(1,))
    (W): Sequential(
      (0): Conv1d(32, 64, kernel_size=(1,), stride=(1,))
      (1): BatchNorm1d(64, eps=1e-05, momentum=0.1, affine=True, track_running_stats=True)
    )
    (theta): Conv1d(64, 32, kernel_size=(1,), stride=(1,))
    (phi): Conv1d(64, 32, kernel_size=(1,), stride=(1,))
  )
  (SGCAM_1g): SGCAM(
    (g): Conv1d(64, 32, kernel_size=(1,), stride=(1,))
    (W): Sequential(
      (0): Conv1d(32, 64, kernel_size=(1,), stride=(1,))
      (1): BatchNorm1d(64, eps=1e-05, momentum=0.1, affine=True, track_running_stats=True)
    )
    (theta): Conv1d(64, 32, kernel_size=(1,), stride=(1,))
    (phi): Conv1d(64, 32, kernel_size=(1,), stride=(1,))
  )
  (SGCAM_2s): SGCAM(
    (g): Conv1d(64, 32, kernel_size=(1,), stride=(1,))
    (W): Sequential(
      (0): Conv1d(32, 64, kernel_size=(1,), stride=(1,))
      (1): BatchNorm1d(64, eps=1e-05, momentum=0.1, affine=True, track_running_stats=True)
    )
    (theta): Conv1d(64, 32, kernel_size=(1,), stride=(1,))
    (phi): Conv1d(64, 32, kernel_size=(1,), stride=(1,))
  )
  (SGCAM_2g): SGCAM(
    (g): Conv1d(64, 32, kernel_size=(1,), stride=(1,))
    (W): Sequential(
      (0): Conv1d(32, 64, kernel_size=(1,), stride=(1,))
      (1): BatchNorm1d(64, eps=1e-05, momentum=0.1, affine=True, track_running_stats=True)
    )
    (theta): Conv1d(64, 32, kernel_size=(1,), stride=(1,))
    (phi): Conv1d(64, 32, kernel_size=(1,), stride=(1,))
  )
)
former1 iou: 0.9356444
former2 iou: 0.915015
former3 iou: 0.9604281
former4 iou: 0.92150396
former5 iou: 0.8857254
former6 iou: 0.8933976
former7 iou: 0.87191224
former8 iou: 0.93764603
former9 iou: 0.95020175
former10 iou: 0.9873823
former11 iou: 0.99027693
former12 iou: 0.9070345
former13 iou: 0.9356477
former14 iou: 0.8853413
former15 iou: 0.9240468
former16 iou: 0.9837871
Max class iou:0.93031
former1 iou: 0.92337716
former2 iou: 0.8890616
former3 iou: 0.9876321
former4 iou: 0.9869065
former5 iou: 0.899893
former6 iou: 0.8242361
former7 iou: 0.953449
former8 iou: 0.89058286
former9 iou: 0.9789459
former10 iou: 0.9835113
former11 iou: 0.990768
former12 iou: 0.8802364
former13 iou: 0.94082266
former14 iou: 0.90452236
former15 iou: 0.9968004
former16 iou: 0.9585402
Max class iou:0.93683
former1 iou: 0.9623519
former2 iou: 0.789309
former3 iou: 0.9846052
former4 iou: 0.999006
former5 iou: 0.9192992
former6 iou: 0.87032765
former7 iou: 0.92263526
former8 iou: 0.96603477
former9 iou: 0.9892208
former10 iou: 0.9988039
former11 iou: 0.99513143
former12 iou: 0.8777144
former13 iou: 0.89832497
former14 iou: 0.9518885
former15 iou: 0.9926902
former16 iou: 0.9814853
Max class iou:0.94368
former1 iou: 0.9541115
former2 iou: 0.8770335
former3 iou: 0.9858257
former4 iou: 0.9787666
former5 iou: 0.9453819
former6 iou: 0.9141362
former7 iou: 0.94931334
former8 iou: 0.90114486
former9 iou: 0.96619695
former10 iou: 0.99881774
former11 iou: 0.99463105
former12 iou: 0.8702331
former13 iou: 0.9601713
former14 iou: 0.9569585
former15 iou: 0.9975462
former16 iou: 0.96903324
Max class iou:0.95121
former1 iou: 0.9231312
former2 iou: 0.9294099
former3 iou: 0.9850259
former4 iou: 0.9977549
former5 iou: 0.9724379
former6 iou: 0.91528213
former7 iou: 0.949176
former8 iou: 0.97001725
former9 iou: 0.96423525
former10 iou: 0.99949276
former11 iou: 0.96775955
former12 iou: 0.89901733
former13 iou: 0.9552893
former14 iou: 0.93469536
former15 iou: 0.99860126
former16 iou: 0.9871714
Max class iou:0.95928
former1 iou: 0.96557903
former2 iou: 0.8461499
former3 iou: 0.9892421
former4 iou: 0.99873024
former5 iou: 0.911034
former6 iou: 0.9155486
former7 iou: 0.9660124
former8 iou: 0.9679406
former9 iou: 0.99490684
former10 iou: 0.99926376
former11 iou: 0.99463385
former12 iou: 0.9576969
former13 iou: 0.9469265
former14 iou: 0.9566979
former15 iou: 0.999071
former16 iou: 0.9802242
Max class iou:0.96185
former1 iou: 0.9390128
former2 iou: 0.9029681
former3 iou: 0.98822564
former4 iou: 0.9707073
former5 iou: 0.9142255
former6 iou: 0.9760805
former7 iou: 0.98084337
former8 iou: 0.96341026
former9 iou: 0.9948744
former10 iou: 0.99972343
former11 iou: 0.99554455
former12 iou: 0.92914313
former13 iou: 0.96090394
former14 iou: 0.9550257
former15 iou: 0.99915767
former16 iou: 0.94012886
Max class iou:0.96312
former1 iou: 0.99665684
former2 iou: 0.96432734
former3 iou: 0.9919286
former4 iou: 0.999272
former5 iou: 0.9842277
former6 iou: 0.9948804
former7 iou: 0.98456615
former8 iou: 0.94297284
former9 iou: 0.93499327
former10 iou: 0.9994171
former11 iou: 0.97862697
former12 iou: 0.9348765
former13 iou: 0.9345144
former14 iou: 0.92580914
former15 iou: 0.98160934
former16 iou: 0.9330992
Max class iou:0.96761
former1 iou: 0.98533547
former2 iou: 0.9290995
former3 iou: 0.92074776
former4 iou: 0.988678
former5 iou: 0.9868431
former6 iou: 0.97456974
former7 iou: 0.9580732
former8 iou: 0.95523834
former9 iou: 0.9944177
former10 iou: 0.9983929
former11 iou: 0.98411584
former12 iou: 0.9631958
former13 iou: 0.9447434
former14 iou: 0.95587564
former15 iou: 0.9981147
former16 iou: 0.9798906
Max class iou:0.96983
